0 info it worked if it ends with ok
1 verbose cli [ '/usr/local/bin/node', '/usr/local/bin/npm', 'install' ]
2 info using npm@2.15.1
3 info using node@v6.2.2
4 verbose readDependencies loading dependencies from /Users/Dane/Documents/Hack Reactor/ Week6/poller/package.json
5 warn package.json angular2-quickstart@1.0.0 No description
6 warn package.json angular2-quickstart@1.0.0 No repository field.
7 warn package.json angular2-quickstart@1.0.0 No README data
8 verbose install where, deps [ '/Users/Dane/Documents/Hack Reactor/ Week6/poller',
8 verbose install   [ '@angular/common',
8 verbose install     '@angular/compiler',
8 verbose install     '@angular/core',
8 verbose install     '@angular/forms',
8 verbose install     '@angular/http',
8 verbose install     '@angular/platform-browser',
8 verbose install     '@angular/platform-browser-dynamic',
8 verbose install     '@angular/router',
8 verbose install     '@angular/router-deprecated',
8 verbose install     '@angular/upgrade',
8 verbose install     'systemjs',
8 verbose install     'core-js',
8 verbose install     'reflect-metadata',
8 verbose install     'rxjs',
8 verbose install     'zone.js',
8 verbose install     'angular2-in-memory-web-api',
8 verbose install     'bootstrap',
8 verbose install     'bcrypt-nodejs',
8 verbose install     'body-parser',
8 verbose install     'express',
8 verbose install     'jwt-simple',
8 verbose install     'mongoose',
8 verbose install     'morgan',
8 verbose install     'q',
8 verbose install     'request',
8 verbose install     'concurrently',
8 verbose install     'lite-server',
8 verbose install     'typescript',
8 verbose install     'typings' ] ]
9 verbose install where, peers [ '/Users/Dane/Documents/Hack Reactor/ Week6/poller', [] ]
10 verbose installManyTop reading for lifecycle /Users/Dane/Documents/Hack Reactor/ Week6/poller/package.json
11 info preinstall angular2-quickstart@1.0.0
12 verbose installManyTop reading scoped package data from /Users/Dane/Documents/Hack Reactor/ Week6/poller/node_modules/angular2-in-memory-web-api/package.json
13 verbose installManyTop reading scoped package data from /Users/Dane/Documents/Hack Reactor/ Week6/poller/node_modules/angularfire2/package.json
14 verbose installManyTop reading scoped package data from /Users/Dane/Documents/Hack Reactor/ Week6/poller/node_modules/bcrypt-nodejs/package.json
15 verbose installManyTop reading scoped package data from /Users/Dane/Documents/Hack Reactor/ Week6/poller/node_modules/body-parser/package.json
16 verbose installManyTop reading scoped package data from /Users/Dane/Documents/Hack Reactor/ Week6/poller/node_modules/bootstrap/package.json
17 verbose installManyTop reading scoped package data from /Users/Dane/Documents/Hack Reactor/ Week6/poller/node_modules/concurrently/package.json
18 verbose installManyTop reading scoped package data from /Users/Dane/Documents/Hack Reactor/ Week6/poller/node_modules/core-js/package.json
19 verbose installManyTop reading scoped package data from /Users/Dane/Documents/Hack Reactor/ Week6/poller/node_modules/express/package.json
20 verbose installManyTop reading scoped package data from /Users/Dane/Documents/Hack Reactor/ Week6/poller/node_modules/firebase/package.json
21 verbose installManyTop reading scoped package data from /Users/Dane/Documents/Hack Reactor/ Week6/poller/node_modules/lite-server/package.json
22 verbose installManyTop reading scoped package data from /Users/Dane/Documents/Hack Reactor/ Week6/poller/node_modules/mongoose/package.json
23 verbose installManyTop reading scoped package data from /Users/Dane/Documents/Hack Reactor/ Week6/poller/node_modules/morgan/package.json
24 verbose installManyTop reading scoped package data from /Users/Dane/Documents/Hack Reactor/ Week6/poller/node_modules/ng2-slider-component/package.json
25 verbose installManyTop reading scoped package data from /Users/Dane/Documents/Hack Reactor/ Week6/poller/node_modules/nodemon/package.json
26 verbose installManyTop reading scoped package data from /Users/Dane/Documents/Hack Reactor/ Week6/poller/node_modules/q/package.json
27 verbose installManyTop reading scoped package data from /Users/Dane/Documents/Hack Reactor/ Week6/poller/node_modules/reflect-metadata/package.json
28 verbose installManyTop reading scoped package data from /Users/Dane/Documents/Hack Reactor/ Week6/poller/node_modules/request/package.json
29 verbose installManyTop reading scoped package data from /Users/Dane/Documents/Hack Reactor/ Week6/poller/node_modules/rxjs/package.json
30 verbose installManyTop reading scoped package data from /Users/Dane/Documents/Hack Reactor/ Week6/poller/node_modules/systemjs/package.json
31 verbose installManyTop reading scoped package data from /Users/Dane/Documents/Hack Reactor/ Week6/poller/node_modules/systemjs-builder/package.json
32 verbose installManyTop reading scoped package data from /Users/Dane/Documents/Hack Reactor/ Week6/poller/node_modules/typescript/package.json
33 verbose installManyTop reading scoped package data from /Users/Dane/Documents/Hack Reactor/ Week6/poller/node_modules/typings/package.json
34 verbose installManyTop reading scoped package data from /Users/Dane/Documents/Hack Reactor/ Week6/poller/node_modules/yargs/package.json
35 verbose installManyTop reading scoped package data from /Users/Dane/Documents/Hack Reactor/ Week6/poller/node_modules/zone.js/package.json
36 verbose installManyTop reading scoped package data from /Users/Dane/Documents/Hack Reactor/ Week6/poller/node_modules/@angular/common/package.json
37 verbose installManyTop reading scoped package data from /Users/Dane/Documents/Hack Reactor/ Week6/poller/node_modules/@angular/compiler/package.json
38 verbose installManyTop reading scoped package data from /Users/Dane/Documents/Hack Reactor/ Week6/poller/node_modules/@angular/core/package.json
39 verbose installManyTop reading scoped package data from /Users/Dane/Documents/Hack Reactor/ Week6/poller/node_modules/@angular/forms/package.json
40 verbose installManyTop reading scoped package data from /Users/Dane/Documents/Hack Reactor/ Week6/poller/node_modules/@angular/http/package.json
41 verbose installManyTop reading scoped package data from /Users/Dane/Documents/Hack Reactor/ Week6/poller/node_modules/@angular/platform-browser/package.json
42 verbose installManyTop reading scoped package data from /Users/Dane/Documents/Hack Reactor/ Week6/poller/node_modules/@angular/platform-browser-dynamic/package.json
43 verbose installManyTop reading scoped package data from /Users/Dane/Documents/Hack Reactor/ Week6/poller/node_modules/@angular/router/package.json
44 verbose installManyTop reading scoped package data from /Users/Dane/Documents/Hack Reactor/ Week6/poller/node_modules/@angular/router-deprecated/package.json
45 verbose installManyTop reading scoped package data from /Users/Dane/Documents/Hack Reactor/ Week6/poller/node_modules/@angular/upgrade/package.json
46 info package.json bcrypt-nodejs@0.0.3 No license field.
47 info package.json firebase@3.1.0 No license field.
48 info package.json q@1.4.1 license should be a valid SPDX license expression
49 info package.json @angular/common@2.0.0-rc.4 No description
50 info package.json @angular/compiler@2.0.0-rc.4 No description
51 info package.json @angular/core@2.0.0-rc.4 No description
52 info package.json @angular/forms@0.2.0 No description
53 info package.json @angular/http@2.0.0-rc.4 No description
54 info package.json @angular/platform-browser@2.0.0-rc.4 No description
55 info package.json @angular/platform-browser-dynamic@2.0.0-rc.4 No description
56 info package.json @angular/router@3.0.0-beta.1 No description
57 info package.json @angular/router-deprecated@2.0.0-rc.2 No description
58 info package.json @angular/upgrade@2.0.0-rc.4 No description
59 verbose readDependencies loading dependencies from /Users/Dane/Documents/Hack Reactor/ Week6/poller/package.json
60 verbose targetResolver reading package data from /Users/Dane/Documents/Hack Reactor/ Week6/poller/node_modules/angular2-in-memory-web-api/package.json
61 verbose targetResolver reading package data from /Users/Dane/Documents/Hack Reactor/ Week6/poller/node_modules/angularfire2/package.json
62 verbose targetResolver reading package data from /Users/Dane/Documents/Hack Reactor/ Week6/poller/node_modules/bcrypt-nodejs/package.json
63 verbose targetResolver reading package data from /Users/Dane/Documents/Hack Reactor/ Week6/poller/node_modules/body-parser/package.json
64 verbose targetResolver reading package data from /Users/Dane/Documents/Hack Reactor/ Week6/poller/node_modules/bootstrap/package.json
65 verbose targetResolver reading package data from /Users/Dane/Documents/Hack Reactor/ Week6/poller/node_modules/concurrently/package.json
66 verbose targetResolver reading package data from /Users/Dane/Documents/Hack Reactor/ Week6/poller/node_modules/core-js/package.json
67 verbose targetResolver reading package data from /Users/Dane/Documents/Hack Reactor/ Week6/poller/node_modules/express/package.json
68 verbose targetResolver reading package data from /Users/Dane/Documents/Hack Reactor/ Week6/poller/node_modules/firebase/package.json
69 verbose targetResolver reading package data from /Users/Dane/Documents/Hack Reactor/ Week6/poller/node_modules/lite-server/package.json
70 verbose targetResolver reading package data from /Users/Dane/Documents/Hack Reactor/ Week6/poller/node_modules/mongoose/package.json
71 verbose targetResolver reading package data from /Users/Dane/Documents/Hack Reactor/ Week6/poller/node_modules/morgan/package.json
72 verbose targetResolver reading package data from /Users/Dane/Documents/Hack Reactor/ Week6/poller/node_modules/ng2-slider-component/package.json
73 verbose targetResolver reading package data from /Users/Dane/Documents/Hack Reactor/ Week6/poller/node_modules/nodemon/package.json
74 verbose targetResolver reading package data from /Users/Dane/Documents/Hack Reactor/ Week6/poller/node_modules/q/package.json
75 verbose targetResolver reading package data from /Users/Dane/Documents/Hack Reactor/ Week6/poller/node_modules/reflect-metadata/package.json
76 verbose targetResolver reading package data from /Users/Dane/Documents/Hack Reactor/ Week6/poller/node_modules/request/package.json
77 verbose targetResolver reading package data from /Users/Dane/Documents/Hack Reactor/ Week6/poller/node_modules/rxjs/package.json
78 verbose targetResolver reading package data from /Users/Dane/Documents/Hack Reactor/ Week6/poller/node_modules/systemjs/package.json
79 verbose targetResolver reading package data from /Users/Dane/Documents/Hack Reactor/ Week6/poller/node_modules/systemjs-builder/package.json
80 verbose targetResolver reading package data from /Users/Dane/Documents/Hack Reactor/ Week6/poller/node_modules/typescript/package.json
81 verbose targetResolver reading package data from /Users/Dane/Documents/Hack Reactor/ Week6/poller/node_modules/typings/package.json
82 verbose targetResolver reading package data from /Users/Dane/Documents/Hack Reactor/ Week6/poller/node_modules/yargs/package.json
83 verbose targetResolver reading package data from /Users/Dane/Documents/Hack Reactor/ Week6/poller/node_modules/zone.js/package.json
84 verbose targetResolver reading package data from /Users/Dane/Documents/Hack Reactor/ Week6/poller/node_modules/.bin/concurrent/package.json
85 verbose targetResolver reading package data from /Users/Dane/Documents/Hack Reactor/ Week6/poller/node_modules/.bin/concurrently/package.json
86 verbose targetResolver reading package data from /Users/Dane/Documents/Hack Reactor/ Week6/poller/node_modules/.bin/lite-server/package.json
87 verbose targetResolver reading package data from /Users/Dane/Documents/Hack Reactor/ Week6/poller/node_modules/.bin/nodemon/package.json
88 verbose targetResolver reading package data from /Users/Dane/Documents/Hack Reactor/ Week6/poller/node_modules/.bin/tsc/package.json
89 verbose targetResolver reading package data from /Users/Dane/Documents/Hack Reactor/ Week6/poller/node_modules/.bin/tsserver/package.json
90 verbose targetResolver reading package data from /Users/Dane/Documents/Hack Reactor/ Week6/poller/node_modules/.bin/typings/package.json
91 verbose targetResolver reading package data from /Users/Dane/Documents/Hack Reactor/ Week6/poller/node_modules/@angular/common/package.json
92 verbose targetResolver reading package data from /Users/Dane/Documents/Hack Reactor/ Week6/poller/node_modules/@angular/compiler/package.json
93 verbose targetResolver reading package data from /Users/Dane/Documents/Hack Reactor/ Week6/poller/node_modules/@angular/core/package.json
94 verbose targetResolver reading package data from /Users/Dane/Documents/Hack Reactor/ Week6/poller/node_modules/@angular/forms/package.json
95 verbose targetResolver reading package data from /Users/Dane/Documents/Hack Reactor/ Week6/poller/node_modules/@angular/http/package.json
96 verbose targetResolver reading package data from /Users/Dane/Documents/Hack Reactor/ Week6/poller/node_modules/@angular/platform-browser/package.json
97 verbose targetResolver reading package data from /Users/Dane/Documents/Hack Reactor/ Week6/poller/node_modules/@angular/platform-browser-dynamic/package.json
98 verbose targetResolver reading package data from /Users/Dane/Documents/Hack Reactor/ Week6/poller/node_modules/@angular/router/package.json
99 verbose targetResolver reading package data from /Users/Dane/Documents/Hack Reactor/ Week6/poller/node_modules/@angular/router-deprecated/package.json
100 verbose targetResolver reading package data from /Users/Dane/Documents/Hack Reactor/ Week6/poller/node_modules/@angular/upgrade/package.json
101 verbose already installed skipping @angular/upgrade@2.0.0-rc.4 /Users/Dane/Documents/Hack Reactor/ Week6/poller
102 verbose already installed skipping systemjs@0.19.27 /Users/Dane/Documents/Hack Reactor/ Week6/poller
103 verbose already installed skipping core-js@^2.4.0 /Users/Dane/Documents/Hack Reactor/ Week6/poller
104 verbose already installed skipping reflect-metadata@^0.1.3 /Users/Dane/Documents/Hack Reactor/ Week6/poller
105 verbose already installed skipping rxjs@5.0.0-beta.6 /Users/Dane/Documents/Hack Reactor/ Week6/poller
106 verbose already installed skipping zone.js@^0.6.12 /Users/Dane/Documents/Hack Reactor/ Week6/poller
107 verbose already installed skipping angular2-in-memory-web-api@0.0.14 /Users/Dane/Documents/Hack Reactor/ Week6/poller
108 verbose already installed skipping bootstrap@^3.3.6 /Users/Dane/Documents/Hack Reactor/ Week6/poller
109 verbose already installed skipping bcrypt-nodejs@0.0.3 /Users/Dane/Documents/Hack Reactor/ Week6/poller
110 verbose already installed skipping body-parser@^1.4.3 /Users/Dane/Documents/Hack Reactor/ Week6/poller
111 verbose already installed skipping express@^4.4.5 /Users/Dane/Documents/Hack Reactor/ Week6/poller
112 silly cache add args [ 'jwt-simple@^0.5.0', null ]
113 verbose cache add spec jwt-simple@^0.5.0
114 silly cache add parsed spec Result {
114 silly cache add   raw: 'jwt-simple@^0.5.0',
114 silly cache add   scope: null,
114 silly cache add   name: 'jwt-simple',
114 silly cache add   rawSpec: '^0.5.0',
114 silly cache add   spec: '>=0.5.0 <0.6.0',
114 silly cache add   type: 'range' }
115 silly addNamed jwt-simple@>=0.5.0 <0.6.0
116 verbose addNamed ">=0.5.0 <0.6.0" is a valid semver range for jwt-simple
117 silly addNameRange { name: 'jwt-simple', range: '>=0.5.0 <0.6.0', hasData: false }
118 silly mapToRegistry name jwt-simple
119 silly mapToRegistry using default registry
120 silly mapToRegistry registry https://registry.npmjs.org/
121 silly mapToRegistry data Result {
121 silly mapToRegistry   raw: 'jwt-simple',
121 silly mapToRegistry   scope: null,
121 silly mapToRegistry   name: 'jwt-simple',
121 silly mapToRegistry   rawSpec: '',
121 silly mapToRegistry   spec: 'latest',
121 silly mapToRegistry   type: 'tag' }
122 silly mapToRegistry uri https://registry.npmjs.org/jwt-simple
123 verbose addNameRange registry:https://registry.npmjs.org/jwt-simple not in flight; fetching
124 verbose already installed skipping mongoose@^4.1.0 /Users/Dane/Documents/Hack Reactor/ Week6/poller
125 verbose already installed skipping morgan@^1.1.1 /Users/Dane/Documents/Hack Reactor/ Week6/poller
126 verbose already installed skipping q@^1.4.1 /Users/Dane/Documents/Hack Reactor/ Week6/poller
127 verbose already installed skipping request@^2.36.0 /Users/Dane/Documents/Hack Reactor/ Week6/poller
128 verbose already installed skipping concurrently@^2.0.0 /Users/Dane/Documents/Hack Reactor/ Week6/poller
129 verbose already installed skipping lite-server@^2.2.0 /Users/Dane/Documents/Hack Reactor/ Week6/poller
130 verbose already installed skipping typescript@^1.8.10 /Users/Dane/Documents/Hack Reactor/ Week6/poller
131 verbose already installed skipping typings@^1.0.4 /Users/Dane/Documents/Hack Reactor/ Week6/poller
132 verbose already installed skipping @angular/common@2.0.0-rc.4 /Users/Dane/Documents/Hack Reactor/ Week6/poller
133 verbose already installed skipping @angular/compiler@2.0.0-rc.4 /Users/Dane/Documents/Hack Reactor/ Week6/poller
134 verbose already installed skipping @angular/core@2.0.0-rc.4 /Users/Dane/Documents/Hack Reactor/ Week6/poller
135 verbose already installed skipping @angular/forms@0.2.0 /Users/Dane/Documents/Hack Reactor/ Week6/poller
136 verbose already installed skipping @angular/http@2.0.0-rc.4 /Users/Dane/Documents/Hack Reactor/ Week6/poller
137 verbose already installed skipping @angular/platform-browser@2.0.0-rc.4 /Users/Dane/Documents/Hack Reactor/ Week6/poller
138 verbose already installed skipping @angular/platform-browser-dynamic@2.0.0-rc.4 /Users/Dane/Documents/Hack Reactor/ Week6/poller
139 verbose request uri https://registry.npmjs.org/jwt-simple
140 verbose request no auth needed
141 info attempt registry request try #1 at 2:36:03 PM
142 verbose request id 5fd1a7196f66e09d
143 verbose etag "D6ISDC43OPW5D1EAESR7F4V1Q"
144 http request GET https://registry.npmjs.org/jwt-simple
145 verbose already installed skipping @angular/router@3.0.0-beta.1 /Users/Dane/Documents/Hack Reactor/ Week6/poller
146 verbose already installed skipping @angular/router-deprecated@2.0.0-rc.2 /Users/Dane/Documents/Hack Reactor/ Week6/poller
147 http 304 https://registry.npmjs.org/jwt-simple
148 verbose headers { date: 'Tue, 12 Jul 2016 21:36:01 GMT',
148 verbose headers   via: '1.1 varnish',
148 verbose headers   'cache-control': 'max-age=300',
148 verbose headers   etag: '"D6ISDC43OPW5D1EAESR7F4V1Q"',
148 verbose headers   age: '212',
148 verbose headers   connection: 'keep-alive',
148 verbose headers   'x-served-by': 'cache-sea1924-SEA',
148 verbose headers   'x-cache': 'HIT',
148 verbose headers   'x-cache-hits': '1',
148 verbose headers   'x-timer': 'S1468359361.697832,VS0,VE0',
148 verbose headers   vary: 'Accept-Encoding' }
149 silly get cb [ 304,
149 silly get   { date: 'Tue, 12 Jul 2016 21:36:01 GMT',
149 silly get     via: '1.1 varnish',
149 silly get     'cache-control': 'max-age=300',
149 silly get     etag: '"D6ISDC43OPW5D1EAESR7F4V1Q"',
149 silly get     age: '212',
149 silly get     connection: 'keep-alive',
149 silly get     'x-served-by': 'cache-sea1924-SEA',
149 silly get     'x-cache': 'HIT',
149 silly get     'x-cache-hits': '1',
149 silly get     'x-timer': 'S1468359361.697832,VS0,VE0',
149 silly get     vary: 'Accept-Encoding' } ]
150 verbose etag https://registry.npmjs.org/jwt-simple from cache
151 verbose get saving jwt-simple to /Users/Dane/.npm/registry.npmjs.org/jwt-simple/.cache.json
152 verbose correctMkdir /Users/Dane/.npm correctMkdir not in flight; initializing
153 silly addNameRange number 2 { name: 'jwt-simple', range: '>=0.5.0 <0.6.0', hasData: true }
154 silly addNameRange versions [ 'jwt-simple',
154 silly addNameRange   [ '0.1.0', '0.2.0', '0.3.0', '0.3.1', '0.4.0', '0.4.1', '0.5.0' ] ]
155 silly addNamed jwt-simple@0.5.0
156 verbose addNamed "0.5.0" is a plain semver version for jwt-simple
157 silly cache afterAdd jwt-simple@0.5.0
158 verbose afterAdd /Users/Dane/.npm/jwt-simple/0.5.0/package/package.json not in flight; writing
159 verbose correctMkdir /Users/Dane/.npm correctMkdir not in flight; initializing
160 verbose afterAdd /Users/Dane/.npm/jwt-simple/0.5.0/package/package.json written
161 silly install resolved [ { name: 'jwt-simple',
161 silly install resolved     description: 'JWT(JSON Web Token) encode and decode module',
161 silly install resolved     version: '0.5.0',
161 silly install resolved     author: { name: 'Kazuhito Hokamura', email: 'k.hokamura@gmail.com' },
161 silly install resolved     repository:
161 silly install resolved      { type: 'git',
161 silly install resolved        url: 'git+ssh://git@github.com/hokaccha/node-jwt-simple.git' },
161 silly install resolved     devDependencies: { 'expect.js': '^0.3.1', istanbul: '^0.4.2', mocha: '^2.3.4' },
161 silly install resolved     scripts: { test: 'istanbul cover _mocha test/*.js' },
161 silly install resolved     license: 'MIT',
161 silly install resolved     engines: { node: '>= 0.4.0' },
161 silly install resolved     keywords: [ 'jwt', 'encode', 'decode' ],
161 silly install resolved     main: './index',
161 silly install resolved     gitHead: '24d8d3c529fb5eee83febfdaa8bc99a85faba9f0',
161 silly install resolved     bugs: { url: 'https://github.com/hokaccha/node-jwt-simple/issues' },
161 silly install resolved     homepage: 'https://github.com/hokaccha/node-jwt-simple#readme',
161 silly install resolved     _id: 'jwt-simple@0.5.0',
161 silly install resolved     _shasum: '06b1d5f5c2e34aca56746166f7e41e932a10e573',
161 silly install resolved     _from: 'jwt-simple@>=0.5.0 <0.6.0',
161 silly install resolved     _npmVersion: '3.3.12',
161 silly install resolved     _nodeVersion: '5.5.0',
161 silly install resolved     _npmUser: { name: 'hokaccha', email: 'k.hokamura@gmail.com' },
161 silly install resolved     maintainers: [ [Object] ],
161 silly install resolved     dist:
161 silly install resolved      { shasum: '06b1d5f5c2e34aca56746166f7e41e932a10e573',
161 silly install resolved        tarball: 'https://registry.npmjs.org/jwt-simple/-/jwt-simple-0.5.0.tgz' },
161 silly install resolved     _npmOperationalInternal:
161 silly install resolved      { host: 'packages-12-west.internal.npmjs.com',
161 silly install resolved        tmp: 'tmp/jwt-simple-0.5.0.tgz_1457707490625_0.3103703015949577' },
161 silly install resolved     directories: {},
161 silly install resolved     _resolved: 'https://registry.npmjs.org/jwt-simple/-/jwt-simple-0.5.0.tgz',
161 silly install resolved     readme: 'ERROR: No README data found!' } ]
162 info install jwt-simple@0.5.0 into /Users/Dane/Documents/Hack Reactor/ Week6/poller
163 info installOne jwt-simple@0.5.0
164 verbose installOne of jwt-simple to /Users/Dane/Documents/Hack Reactor/ Week6/poller not in flight; installing
165 verbose correctMkdir /Users/Dane/.npm/_locks correctMkdir not in flight; initializing
166 verbose lock using /Users/Dane/.npm/_locks/jwt-simple-3fed788af1a3bdd6.lock for /Users/Dane/Documents/Hack Reactor/ Week6/poller/node_modules/jwt-simple
167 silly install write writing jwt-simple 0.5.0 to /Users/Dane/Documents/Hack Reactor/ Week6/poller/node_modules/jwt-simple
168 verbose unbuild node_modules/jwt-simple
169 silly gentlyRm /Users/Dane/Documents/Hack Reactor/ Week6/poller/node_modules/jwt-simple is being purged from base /Users/Dane/Documents/Hack Reactor/ Week6/poller
170 verbose gentlyRm don't care about contents; nuking /Users/Dane/Documents/Hack Reactor/ Week6/poller/node_modules/jwt-simple
171 verbose tar unpack /Users/Dane/.npm/jwt-simple/0.5.0/package.tgz
172 verbose tar unpacking to /Users/Dane/Documents/Hack Reactor/ Week6/poller/node_modules/jwt-simple
173 silly gentlyRm /Users/Dane/Documents/Hack Reactor/ Week6/poller/node_modules/jwt-simple is being purged
174 verbose gentlyRm don't care about contents; nuking /Users/Dane/Documents/Hack Reactor/ Week6/poller/node_modules/jwt-simple
175 silly gunzTarPerm modes [ '755', '644' ]
176 silly gunzTarPerm extractEntry package.json
177 silly gunzTarPerm extractEntry .npmignore
178 silly gunzTarPerm extractEntry README.md
179 silly gunzTarPerm extractEntry LICENSE
180 silly gunzTarPerm extractEntry index.js
181 silly gunzTarPerm extractEntry .p/a.js
182 silly gunzTarPerm extractEntry lib/jwt.js
183 silly gunzTarPerm extractEntry History.md
184 silly gunzTarPerm extractEntry test/basic.js
185 silly gunzTarPerm extractEntry test/test.crt
186 silly gunzTarPerm extractEntry test/test.pem
187 verbose write writing to /Users/Dane/Documents/Hack Reactor/ Week6/poller/node_modules/jwt-simple/package.json
188 info preinstall jwt-simple@0.5.0
189 verbose readDependencies loading dependencies from /Users/Dane/Documents/Hack Reactor/ Week6/poller/node_modules/jwt-simple/package.json
190 verbose readDependencies loading dependencies from /Users/Dane/Documents/Hack Reactor/ Week6/poller/node_modules/jwt-simple/package.json
191 silly install resolved []
192 verbose about to build /Users/Dane/Documents/Hack Reactor/ Week6/poller/node_modules/jwt-simple
193 info build /Users/Dane/Documents/Hack Reactor/ Week6/poller/node_modules/jwt-simple
194 info linkStuff jwt-simple@0.5.0
195 silly linkStuff jwt-simple@0.5.0 has /Users/Dane/Documents/Hack Reactor/ Week6/poller/node_modules as its parent node_modules
196 verbose linkBins jwt-simple@0.5.0
197 verbose linkMans jwt-simple@0.5.0
198 verbose rebuildBundles jwt-simple@0.5.0
199 info install jwt-simple@0.5.0
200 info postinstall jwt-simple@0.5.0
201 verbose unlock done using /Users/Dane/.npm/_locks/jwt-simple-3fed788af1a3bdd6.lock for /Users/Dane/Documents/Hack Reactor/ Week6/poller/node_modules/jwt-simple
202 info build /Users/Dane/Documents/Hack Reactor/ Week6/poller
203 info linkStuff angular2-quickstart@1.0.0
204 silly linkStuff angular2-quickstart@1.0.0 has /Users/Dane/Documents/Hack Reactor/ Week6 as its parent node_modules
205 verbose linkBins angular2-quickstart@1.0.0
206 verbose linkMans angular2-quickstart@1.0.0
207 verbose rebuildBundles angular2-quickstart@1.0.0
208 verbose rebuildBundles [ '.DS_Store',
208 verbose rebuildBundles   '.bin',
208 verbose rebuildBundles   '@angular',
208 verbose rebuildBundles   'angular2-in-memory-web-api',
208 verbose rebuildBundles   'angularfire2',
208 verbose rebuildBundles   'bcrypt-nodejs',
208 verbose rebuildBundles   'body-parser',
208 verbose rebuildBundles   'bootstrap',
208 verbose rebuildBundles   'concurrently',
208 verbose rebuildBundles   'core-js',
208 verbose rebuildBundles   'express',
208 verbose rebuildBundles   'firebase',
208 verbose rebuildBundles   'jwt-simple',
208 verbose rebuildBundles   'lite-server',
208 verbose rebuildBundles   'mongoose',
208 verbose rebuildBundles   'morgan',
208 verbose rebuildBundles   'ng2-slider-component',
208 verbose rebuildBundles   'nodemon',
208 verbose rebuildBundles   'q',
208 verbose rebuildBundles   'reflect-metadata',
208 verbose rebuildBundles   'request',
208 verbose rebuildBundles   'rxjs',
208 verbose rebuildBundles   'systemjs',
208 verbose rebuildBundles   'systemjs-builder',
208 verbose rebuildBundles   'typescript',
208 verbose rebuildBundles   'typings',
208 verbose rebuildBundles   'yargs',
208 verbose rebuildBundles   'zone.js' ]
209 verbose rebuild bundle /Users/Dane/Documents/Hack Reactor/ Week6/poller/node_modules/angularfire2
210 info build /Users/Dane/Documents/Hack Reactor/ Week6/poller/node_modules/angularfire2
211 info preinstall angularfire2@2.0.0-beta.2
212 info linkStuff angularfire2@2.0.0-beta.2
213 silly linkStuff angularfire2@2.0.0-beta.2 has /Users/Dane/Documents/Hack Reactor/ Week6/poller/node_modules as its parent node_modules
214 verbose linkBins angularfire2@2.0.0-beta.2
215 verbose linkMans angularfire2@2.0.0-beta.2
216 verbose rebuildBundles angularfire2@2.0.0-beta.2
217 info install angularfire2@2.0.0-beta.2
218 info postinstall angularfire2@2.0.0-beta.2
219 verbose rebuild bundle /Users/Dane/Documents/Hack Reactor/ Week6/poller/node_modules/firebase
220 info build /Users/Dane/Documents/Hack Reactor/ Week6/poller/node_modules/firebase
221 info preinstall firebase@3.1.0
222 info linkStuff firebase@3.1.0
223 silly linkStuff firebase@3.1.0 has /Users/Dane/Documents/Hack Reactor/ Week6/poller/node_modules as its parent node_modules
224 verbose linkBins firebase@3.1.0
225 verbose linkMans firebase@3.1.0
226 verbose rebuildBundles firebase@3.1.0
227 verbose rebuildBundles [ 'faye-websocket', 'jsonwebtoken', 'rsvp' ]
228 info install firebase@3.1.0
229 info postinstall firebase@3.1.0
230 verbose rebuild bundle /Users/Dane/Documents/Hack Reactor/ Week6/poller/node_modules/ng2-slider-component
231 info build /Users/Dane/Documents/Hack Reactor/ Week6/poller/node_modules/ng2-slider-component
232 info preinstall ng2-slider-component@1.0.1
233 info linkStuff ng2-slider-component@1.0.1
234 silly linkStuff ng2-slider-component@1.0.1 has /Users/Dane/Documents/Hack Reactor/ Week6/poller/node_modules as its parent node_modules
235 verbose linkBins ng2-slider-component@1.0.1
236 verbose linkMans ng2-slider-component@1.0.1
237 verbose rebuildBundles ng2-slider-component@1.0.1
238 verbose rebuildBundles [ 'angular2',
238 verbose rebuildBundles   'es6-shim',
238 verbose rebuildBundles   'ng2-slideable-directive',
238 verbose rebuildBundles   'reflect-metadata' ]
239 verbose rebuild bundle /Users/Dane/Documents/Hack Reactor/ Week6/poller/node_modules/ng2-slider-component/node_modules/es6-shim
240 info build /Users/Dane/Documents/Hack Reactor/ Week6/poller/node_modules/ng2-slider-component/node_modules/es6-shim
241 info preinstall es6-shim@0.35.1
242 info linkStuff es6-shim@0.35.1
243 silly linkStuff es6-shim@0.35.1 has /Users/Dane/Documents/Hack Reactor/ Week6/poller/node_modules/ng2-slider-component/node_modules as its parent node_modules
244 verbose linkBins es6-shim@0.35.1
245 verbose linkMans es6-shim@0.35.1
246 verbose rebuildBundles es6-shim@0.35.1
247 info install es6-shim@0.35.1
248 info postinstall es6-shim@0.35.1
249 verbose rebuild bundle /Users/Dane/Documents/Hack Reactor/ Week6/poller/node_modules/ng2-slider-component/node_modules/reflect-metadata
250 info build /Users/Dane/Documents/Hack Reactor/ Week6/poller/node_modules/ng2-slider-component/node_modules/reflect-metadata
251 info preinstall reflect-metadata@0.1.2
252 info linkStuff reflect-metadata@0.1.2
253 silly linkStuff reflect-metadata@0.1.2 has /Users/Dane/Documents/Hack Reactor/ Week6/poller/node_modules/ng2-slider-component/node_modules as its parent node_modules
254 verbose linkBins reflect-metadata@0.1.2
255 verbose linkMans reflect-metadata@0.1.2
256 verbose rebuildBundles reflect-metadata@0.1.2
257 info install reflect-metadata@0.1.2
258 info postinstall reflect-metadata@0.1.2
259 info install ng2-slider-component@1.0.1
260 info postinstall ng2-slider-component@1.0.1
261 verbose rebuild bundle /Users/Dane/Documents/Hack Reactor/ Week6/poller/node_modules/nodemon
262 info build /Users/Dane/Documents/Hack Reactor/ Week6/poller/node_modules/nodemon
263 info preinstall nodemon@1.9.2
264 info linkStuff nodemon@1.9.2
265 silly linkStuff nodemon@1.9.2 has /Users/Dane/Documents/Hack Reactor/ Week6/poller/node_modules as its parent node_modules
266 verbose linkBins nodemon@1.9.2
267 verbose link bins [ { nodemon: './bin/nodemon.js' },
267 verbose link bins   '/Users/Dane/Documents/Hack Reactor/ Week6/poller/node_modules/.bin',
267 verbose link bins   false ]
268 verbose linkMans nodemon@1.9.2
269 verbose rebuildBundles nodemon@1.9.2
270 verbose rebuildBundles [ '.bin',
270 verbose rebuildBundles   'chokidar',
270 verbose rebuildBundles   'debug',
270 verbose rebuildBundles   'es6-promise',
270 verbose rebuildBundles   'ignore-by-default',
270 verbose rebuildBundles   'lodash.defaults',
270 verbose rebuildBundles   'minimatch',
270 verbose rebuildBundles   'ps-tree',
270 verbose rebuildBundles   'touch',
270 verbose rebuildBundles   'undefsafe',
270 verbose rebuildBundles   'update-notifier' ]
271 silly gentlyRm /Users/Dane/Documents/Hack Reactor/ Week6/poller/node_modules/.bin/nodemon is being purged
272 verbose gentlyRm don't care about contents; nuking /Users/Dane/Documents/Hack Reactor/ Week6/poller/node_modules/.bin/nodemon
273 silly vacuum-fs purging /Users/Dane/Documents/Hack Reactor/ Week6/poller/node_modules/.bin/nodemon
274 silly vacuum-fs quitting because other entries in /Users/Dane/Documents/Hack Reactor/ Week6/poller/node_modules/.bin
275 info install nodemon@1.9.2
276 info postinstall nodemon@1.9.2
277 verbose rebuild bundle /Users/Dane/Documents/Hack Reactor/ Week6/poller/node_modules/systemjs-builder
278 info build /Users/Dane/Documents/Hack Reactor/ Week6/poller/node_modules/systemjs-builder
279 info preinstall systemjs-builder@0.15.23
280 info linkStuff systemjs-builder@0.15.23
281 silly linkStuff systemjs-builder@0.15.23 has /Users/Dane/Documents/Hack Reactor/ Week6/poller/node_modules as its parent node_modules
282 verbose linkBins systemjs-builder@0.15.23
283 verbose linkMans systemjs-builder@0.15.23
284 verbose rebuildBundles systemjs-builder@0.15.23
285 verbose rebuildBundles [ '.bin',
285 verbose rebuildBundles   'babel-core',
285 verbose rebuildBundles   'babel-plugin-transform-es2015-modules-systemjs',
285 verbose rebuildBundles   'bluebird',
285 verbose rebuildBundles   'data-uri-to-buffer',
285 verbose rebuildBundles   'es6-template-strings',
285 verbose rebuildBundles   'glob',
285 verbose rebuildBundles   'mkdirp',
285 verbose rebuildBundles   'rollup',
285 verbose rebuildBundles   'source-map',
285 verbose rebuildBundles   'systemjs',
285 verbose rebuildBundles   'traceur',
285 verbose rebuildBundles   'uglify-js' ]
286 info install systemjs-builder@0.15.23
287 info postinstall systemjs-builder@0.15.23
288 verbose rebuild bundle /Users/Dane/Documents/Hack Reactor/ Week6/poller/node_modules/yargs
289 info build /Users/Dane/Documents/Hack Reactor/ Week6/poller/node_modules/yargs
290 info preinstall yargs@4.8.0
291 info linkStuff yargs@4.8.0
292 silly linkStuff yargs@4.8.0 has /Users/Dane/Documents/Hack Reactor/ Week6/poller/node_modules as its parent node_modules
293 verbose linkBins yargs@4.8.0
294 verbose linkMans yargs@4.8.0
295 verbose rebuildBundles yargs@4.8.0
296 verbose rebuildBundles [ '.bin',
296 verbose rebuildBundles   'cliui',
296 verbose rebuildBundles   'decamelize',
296 verbose rebuildBundles   'lodash.assign',
296 verbose rebuildBundles   'os-locale',
296 verbose rebuildBundles   'read-pkg-up',
296 verbose rebuildBundles   'require-directory',
296 verbose rebuildBundles   'require-main-filename',
296 verbose rebuildBundles   'set-blocking',
296 verbose rebuildBundles   'string-width',
296 verbose rebuildBundles   'which-module',
296 verbose rebuildBundles   'window-size',
296 verbose rebuildBundles   'y18n',
296 verbose rebuildBundles   'yargs-parser' ]
297 info install yargs@4.8.0
298 info postinstall yargs@4.8.0
299 info install angular2-quickstart@1.0.0
300 info postinstall angular2-quickstart@1.0.0
301 verbose unsafe-perm in lifecycle true
302 info prepublish angular2-quickstart@1.0.0
303 verbose validateInstall loading /Users/Dane/Documents/Hack Reactor/ Week6/poller/package.json for validation
304 verbose stack Error: The package @angular/common@2.0.0-rc.4 does not satisfy its siblings' peerDependencies requirements!
304 verbose stack     at /usr/local/lib/node_modules/npm/lib/install.js:125:32
304 verbose stack     at /usr/local/lib/node_modules/npm/lib/install.js:268:7
304 verbose stack     at /usr/local/lib/node_modules/npm/node_modules/read-installed/read-installed.js:142:5
304 verbose stack     at /usr/local/lib/node_modules/npm/node_modules/read-installed/read-installed.js:263:14
304 verbose stack     at cb (/usr/local/lib/node_modules/npm/node_modules/slide/lib/async-map.js:47:24)
304 verbose stack     at /usr/local/lib/node_modules/npm/node_modules/read-installed/read-installed.js:263:14
304 verbose stack     at cb (/usr/local/lib/node_modules/npm/node_modules/slide/lib/async-map.js:47:24)
304 verbose stack     at /usr/local/lib/node_modules/npm/node_modules/read-installed/read-installed.js:263:14
304 verbose stack     at cb (/usr/local/lib/node_modules/npm/node_modules/slide/lib/async-map.js:47:24)
304 verbose stack     at /usr/local/lib/node_modules/npm/node_modules/read-installed/read-installed.js:263:14
305 verbose cwd /Users/Dane/Documents/Hack Reactor/ Week6/poller
306 error Darwin 15.3.0
307 error argv "/usr/local/bin/node" "/usr/local/bin/npm" "install"
308 error node v6.2.2
309 error npm  v2.15.1
310 error code EPEERINVALID
311 error peerinvalid The package @angular/common@2.0.0-rc.4 does not satisfy its siblings' peerDependencies requirements!
311 error peerinvalid Peer @angular/forms@0.2.0 wants @angular/common@^2.0.0-rc.4
311 error peerinvalid Peer @angular/platform-browser@2.0.0-rc.4 wants @angular/common@^2.0.0-rc.4
311 error peerinvalid Peer @angular/platform-browser-dynamic@2.0.0-rc.4 wants @angular/common@^2.0.0-rc.4
311 error peerinvalid Peer @angular/router@3.0.0-beta.1 wants @angular/common@^2.0.0-rc.4
311 error peerinvalid Peer @angular/router-deprecated@2.0.0-rc.2 wants @angular/common@^2.0.0-rc
311 error peerinvalid Peer angularfire2@2.0.0-beta.2 wants @angular/common@2.0.0-rc.2
312 verbose exit [ 1, true ]
